<?xml version="1.0" encoding="UTF-8"?>
<testsuite name="GraphTest" tests="7" skipped="0" failures="0" errors="0" timestamp="2018-08-02T19:15:54" hostname="myhost.local" time="0.021">
  <properties/>
  <testcase name="testDegreeAShouldReturn1" classname="GraphTest" time="0.015"/>
  <testcase name="testAddEdgeShouldAddEdge" classname="GraphTest" time="0.001"/>
  <testcase name="testAdjacentToShouldThrowIllegalArumentException" classname="GraphTest" time="0.001"/>
  <testcase name="testVerticiesShouldReturnVerticies" classname="GraphTest" time="0.002"/>
  <testcase name="testAdjacentToShouldReturnNeighbors" classname="GraphTest" time="0.001"/>
  <testcase name="testGraphShouldReturn11Edges" classname="GraphTest" time="0.0"/>
  <testcase name="testGraphShouldReturn12Verticies" classname="GraphTest" time="0.0"/>
  <system-out><![CDATA[]]></system-out>
  <system-err><![CDATA[]]></system-err>
</testsuite>
